<?xml version="1.0" encoding="UTF-8"?>
<!-- Generated by org.testng.reporters.JUnitReportReporter -->
<testsuite skipped="0" hostname="qa-akotkar" name="suite1.GP" tests="3" failures="0" timestamp="31 Mar 2020 10:57:28 GMT" time="0.011" errors="0">
  <testcase name="method3" time="0.001" classname="suite1.GP"/>
  <testcase name="method2" time="0.001" classname="suite1.GP"/>
  <testcase name="method1" time="0.009" classname="suite1.GP"/>
</testsuite> <!-- suite1.GP -->
